#! /usr/bin/vvp
:ivl_version "10.3 (stable)";
:ivl_delay_selection "TYPICAL";
:vpi_time_precision + 0;
:vpi_module "system";
:vpi_module "vhdl_sys";
:vpi_module "v2005_math";
:vpi_module "va_math";
S_0x55e5ab2630d0 .scope module, "SRLatch" "SRLatch" 2 1;
 .timescale 0 0;
    .port_info 0 /INPUT 1 "r"
    .port_info 1 /INPUT 1 "s"
    .port_info 2 /OUTPUT 1 "q"
    .port_info 3 /OUTPUT 1 "q_inverted"
o0x7f38deb92078 .functor BUFZ 1, C4<z>; HiZ drive
L_0x55e5ab2a5ab0 .functor OR 1, o0x7f38deb92078, L_0x55e5ab2a5ba0, C4<0>, C4<0>;
o0x7f38deb920a8 .functor BUFZ 1, C4<z>; HiZ drive
L_0x55e5ab2a5ba0 .functor OR 1, o0x7f38deb920a8, L_0x55e5ab2a5ab0, C4<0>, C4<0>;
v0x55e5ab2632c0_0 .net "q", 0 0, L_0x55e5ab2a5ab0;  1 drivers
v0x55e5ab2a57b0_0 .net "q_inverted", 0 0, L_0x55e5ab2a5ba0;  1 drivers
v0x55e5ab2a5870_0 .net "r", 0 0, o0x7f38deb92078;  0 drivers
v0x55e5ab2a5940_0 .net "s", 0 0, o0x7f38deb920a8;  0 drivers
# The file index is used to find the file name in the following table.
:file_names 3;
    "N/A";
    "<interactive>";
    "SRLatch.sv";
